* installing *source* package ‘BMix’ ...
** using staged installation
** R
** inst
** byte-compile and prepare package for lazy loading
Warning: replacing previous import ‘cli::num_ansi_colors’ by ‘crayon::num_ansi_colors’ when loading ‘BMix’
Warning: replacing previous import ‘crayon::%+%’ by ‘ggplot2::%+%’ when loading ‘BMix’
** help
*** installing help indices
*** copying figures
** building package indices
** installing vignettes
** testing if installed package can be loaded from temporary location
Warning: replacing previous import ‘cli::num_ansi_colors’ by ‘crayon::num_ansi_colors’ when loading ‘BMix’
Warning: replacing previous import ‘crayon::%+%’ by ‘ggplot2::%+%’ when loading ‘BMix’
✓ Loading BMix, 'Binomial and Beta-Binomial univariate mixtures'. Support : <https://caravagn.github.io/BMix/>
** testing if installed package can be loaded from final location
Warning: replacing previous import ‘cli::num_ansi_colors’ by ‘crayon::num_ansi_colors’ when loading ‘BMix’
Warning: replacing previous import ‘crayon::%+%’ by ‘ggplot2::%+%’ when loading ‘BMix’
✓ Loading BMix, 'Binomial and Beta-Binomial univariate mixtures'. Support : <https://caravagn.github.io/BMix/>
** testing if installed package keeps a record of temporary installation path
* DONE (BMix)
